2019-04-24 10:04:260 INFO  LoggerHelper:31 - for test
2019-04-24 10:04:580 INFO  LoggerHelper:32 - for test
2019-04-24 10:04:436 INFO  LoggerHelper:33 - for test
2019-04-25 10:04:114 INFO  TestBase:37 - property file initalized
2019-04-25 10:04:998 INFO  TestBase:37 - property file initalized
2019-04-25 10:04:793 INFO  TestBase:37 - property file initalized
2019-04-25 10:04:114 INFO  TestBase:37 - property file initalized
2019-04-25 10:04:197 INFO  TestBase:37 - property file initalized
2019-04-25 10:04:579 INFO  TestBase:37 - property file initalized
2019-04-25 10:04:51 INFO  TestBase:37 - property file initalized
2019-04-25 10:04:304 INFO  TestBase:116 - Flights element is not seen with in 30 sec
2019-04-25 10:04:109 INFO  TestBase:37 - property file initalized
2019-04-25 10:04:793 INFO  TestBase:37 - property file initalized
2019-04-25 10:04:831 INFO  TestBase:36 - RoundTrip element is not seen with in 30 sec
2019-04-25 10:04:826 INFO  TestBase:37 - property file initalized
2019-04-25 10:04:202 INFO  TestBase:37 - property file initalized
2019-04-25 10:04:221 INFO  TestBase:37 - property file initalized
2019-04-25 10:04:969 INFO  TestBase:37 - property file initalized
2019-04-25 10:04:164 INFO  TestBase:37 - property file initalized
2019-04-25 10:04:62 INFO  TestBase:37 - property file initalized
2019-04-25 10:04:648 INFO  TestBase:38 - RoundTrip element is not seen with in 30 sec
2019-04-25 10:04:652 INFO  TestBase:37 - property file initalized
2019-04-25 10:04:603 INFO  TestBase:37 - property file initalized
2019-04-25 10:04:213 INFO  TestBase:38 - RoundTrip element is not seen with in 30 sec
2019-04-25 10:04:790 INFO  TestBase:37 - property file initalized
2019-04-25 10:04:165 INFO  TestBase:37 - property file initalized
2019-04-25 10:04:746 INFO  TestBase:37 - property file initalized
2019-04-25 10:04:272 INFO  TestBase:37 - property file initalized
2019-04-25 10:04:830 INFO  TestBase:37 - property file initalized
2019-04-25 10:04:262 INFO  TestBase:37 - property file initalized
2019-04-25 10:04:494 INFO  TestBase:37 - property file initalized
2019-04-25 10:04:835 INFO  TestBase:37 - property file initalized
2019-04-25 10:04:770 INFO  TestBase:37 - property file initalized
2019-04-25 10:04:889 INFO  TestBase:37 - property file initalized
2019-04-25 10:04:987 INFO  TestBase:119 - Flights element is not seen with in 30 sec
2019-04-25 10:04:326 INFO  TestBase:37 - property file initalized
2019-04-25 10:04:621 INFO  TestBase:37 - property file initalized
2019-04-25 11:04:687 INFO  TestBase:37 - property file initalized
2019-04-25 11:04:490 INFO  TestBase:37 - property file initalized
2019-04-25 11:04:170 INFO  TestBase:37 - property file initalized
2019-04-25 11:04:63 INFO  TestBase:37 - property file initalized
2019-04-25 11:04:498 INFO  TestBase:37 - property file initalized
2019-04-25 11:04:352 INFO  TestBase:37 - property file initalized
2019-04-25 11:04:941 INFO  TestBase:37 - property file initalized
2019-04-25 11:04:336 INFO  TestBase:37 - property file initalized
2019-04-25 11:04:983 INFO  TestBase:37 - property file initalized
2019-04-25 11:04:523 INFO  TestBase:37 - property file initalized
2019-04-25 12:04:104 INFO  TestBase:37 - property file initalized
2019-04-25 12:04:762 INFO  TestBase:37 - property file initalized
2019-04-25 13:04:362 INFO  TestBase:37 - property file initalized
2019-04-25 13:04:901 INFO  TestBase:37 - property file initalized
2019-04-25 13:04:794 INFO  TestBase:37 - property file initalized
2019-04-25 13:04:704 INFO  TestBase:37 - property file initalized
2019-04-25 13:04:862 INFO  TestBase:37 - property file initalized
2019-04-25 13:04:815 INFO  TestBase:37 - property file initalized
2019-04-25 13:04:282 INFO  TestBase:37 - property file initalized
2019-04-25 13:04:269 INFO  TestBase:37 - property file initalized
2019-04-25 13:04:864 INFO  TestBase:37 - property file initalized
2019-04-25 13:04:651 INFO  TestBase:37 - property file initalized
2019-04-25 13:04:724 INFO  TestBase:167 - Element- Departuredate is not seen with in 30 sec
2019-04-25 13:04:836 INFO  TestBase:37 - property file initalized
2019-04-25 13:04:481 INFO  TestBase:37 - property file initalized
2019-04-25 14:04:162 INFO  TestBase:37 - property file initalized
2019-04-25 14:04:646 INFO  TestBase:37 - property file initalized
2019-04-25 15:04:533 INFO  TestBase:37 - property file initalized
2019-04-25 15:04:886 INFO  TestBase:37 - property file initalized
2019-04-25 15:04:396 INFO  TestBase:37 - property file initalized
2019-04-25 15:04:852 INFO  TestBase:37 - property file initalized
2019-04-25 15:04:163 INFO  TestBase:37 - property file initalized
2019-04-25 15:04:574 INFO  TestBase:37 - property file initalized
2019-04-25 15:04:866 INFO  TestBase:37 - property file initalized
2019-04-25 15:04:751 INFO  TestBase:37 - property file initalized
2019-04-25 15:04:294 INFO  TestBase:37 - property file initalized
2019-04-25 15:04:660 INFO  TestBase:37 - property file initalized
2019-04-25 16:04:42 INFO  TestBase:37 - property file initalized
2019-04-25 16:04:361 INFO  TestBase:37 - property file initalized
2019-04-25 16:04:274 INFO  TestBase:37 - property file initalized
2019-04-25 16:04:924 INFO  TestBase:37 - property file initalized
2019-04-25 16:04:120 INFO  TestBase:37 - property file initalized
2019-04-25 16:04:917 INFO  TestBase:37 - property file initalized
2019-04-25 16:04:794 INFO  TestBase:37 - property file initalized
2019-04-25 16:04:729 INFO  TestBase:37 - property file initalized
2019-04-25 16:04:392 INFO  TestBase:37 - property file initalized
2019-04-25 16:04:999 INFO  TestBase:37 - property file initalized
2019-04-25 16:04:885 INFO  TestBase:37 - property file initalized
2019-04-25 16:04:973 INFO  TestBase:37 - property file initalized
2019-04-25 16:04:800 INFO  TestBase:37 - property file initalized
2019-04-25 16:04:631 INFO  TestBase:37 - property file initalized
2019-04-25 16:04:282 INFO  TestBase:37 - property file initalized
2019-04-25 16:04:699 INFO  TestBase:37 - property file initalized
2019-04-25 16:04:813 INFO  TestBase:37 - property file initalized
2019-04-25 16:04:915 INFO  TestBase:37 - property file initalized
2019-04-25 16:04:378 INFO  TestBase:37 - property file initalized
2019-04-25 16:04:507 INFO  TestBase:37 - property file initalized
2019-04-25 16:04:383 INFO  TestBase:37 - property file initalized
2019-04-25 16:04:483 INFO  TestBase:37 - property file initalized
2019-04-25 16:04:583 INFO  TestBase:37 - property file initalized
2019-04-25 16:04:506 INFO  TestBase:37 - property file initalized
2019-04-25 16:04:864 INFO  TestBase:37 - property file initalized
2019-04-25 16:04:892 INFO  TestBase:37 - property file initalized
2019-04-25 16:04:765 INFO  TestBase:37 - property file initalized
2019-04-25 16:04:769 INFO  TestBase:37 - property file initalized
2019-04-25 16:04:698 INFO  TestBase:37 - property file initalized
2019-04-25 16:04:301 INFO  TestBase:37 - property file initalized
2019-04-25 16:04:597 INFO  TestBase:37 - property file initalized
2019-04-25 16:04:808 INFO  TestBase:37 - property file initalized
2019-04-25 16:04:255 INFO  TestBase:37 - property file initalized
2019-04-25 16:04:358 INFO  TestBase:37 - property file initalized
2019-04-25 16:04:203 INFO  TestBase:37 - property file initalized
2019-04-25 16:04:387 INFO  TestBase:37 - property file initalized
2019-04-25 16:04:591 INFO  TestBase:37 - property file initalized
2019-04-25 16:04:990 INFO  TestBase:37 - property file initalized
2019-04-25 17:04:480 INFO  TestBase:37 - property file initalized
2019-04-25 17:04:26 INFO  TestBase:37 - property file initalized
2019-04-25 17:04:609 INFO  TestBase:37 - property file initalized
2019-04-25 17:04:764 INFO  TestBase:37 - property file initalized
2019-04-25 17:04:281 INFO  TestBase:37 - property file initalized
2019-04-25 17:04:105 INFO  TestBase:37 - property file initalized
2019-04-25 17:04:460 INFO  TestBase:37 - property file initalized
2019-04-25 17:04:892 INFO  TestBase:37 - property file initalized
2019-04-25 20:04:241 INFO  TestBase:37 - property file initalized
2019-04-25 20:04:55 INFO  TestBase:37 - property file initalized
2019-04-25 20:04:530 INFO  TestBase:125 - Flights element is not seen with in 30 sec
2019-04-25 21:04:507 INFO  TestBase:37 - property file initalized
2019-04-25 21:04:723 INFO  TestBase:37 - property file initalized
2019-04-25 21:04:00 INFO  TestBase:125 - Flights element is not seen with in 30 sec
2019-04-25 21:04:780 INFO  TestBase:40 - property file initalized
2019-04-25 21:04:291 INFO  TestBase:102 - url is not entered
2019-04-25 21:04:298 INFO  TestBase:40 - property file initalized
2019-04-25 21:04:474 INFO  TestBase:126 - Flights element is not seen with in 30 sec
2019-04-25 21:04:992 INFO  TestBase:40 - property file initalized
2019-04-25 21:04:878 INFO  TestBase:102 - url is not entered
2019-04-25 21:04:886 INFO  TestBase:40 - property file initalized
2019-04-25 21:04:45 INFO  TestBase:126 - Flights element is not seen with in 30 sec
2019-04-25 21:04:546 INFO  TestBase:40 - property file initalized
2019-04-25 21:04:930 INFO  TestBase:102 - url is not entered
2019-04-25 21:04:938 INFO  TestBase:40 - property file initalized
2019-04-25 21:04:65 INFO  TestBase:126 - Flights element is not seen with in 30 sec
2019-04-25 21:04:314 INFO  TestBase:40 - property file initalized
2019-04-25 21:04:435 INFO  TestBase:40 - property file initalized
2019-04-25 21:04:496 INFO  TestBase:102 - url is not entered
2019-04-25 21:04:235 INFO  TestBase:40 - property file initalized
2019-04-25 21:04:647 INFO  TestBase:40 - property file initalized
2019-04-25 21:04:914 INFO  TestBase:40 - property file initalized
2019-04-25 21:04:24 INFO  TestBase:102 - url is not entered
2019-04-25 21:04:108 INFO  TestBase:40 - property file initalized
2019-04-25 21:04:455 INFO  TestBase:40 - property file initalized
2019-04-25 21:04:172 INFO  TestBase:102 - url is not entered
2019-04-25 21:04:190 INFO  TestBase:40 - property file initalized
2019-04-25 21:04:62 INFO  TestBase:40 - property file initalized
2019-04-25 21:04:165 INFO  TestBase:102 - url is not entered
2019-04-25 21:04:167 INFO  TestBase:40 - property file initalized
2019-04-25 22:04:773 INFO  TestBase:40 - property file initalized
2019-04-25 22:04:71 INFO  TestBase:102 - url is not entered
2019-04-25 22:04:198 INFO  TestBase:40 - property file initalized
2019-04-25 22:04:441 INFO  TestBase:102 - url is not entered
2019-04-25 22:04:973 INFO  TestBase:40 - property file initalized
2019-04-25 22:04:699 INFO  TestBase:103 - url is not entered
2019-04-25 22:04:301 INFO  TestBase:40 - property file initalized
2019-04-25 22:04:429 INFO  TestBase:40 - property file initalized
2019-04-25 22:04:728 INFO  TestBase:40 - property file initalized
2019-04-25 22:04:423 INFO  TestBase:40 - property file initalized
2019-04-25 22:04:878 INFO  TestBase:103 - url is not entered
2019-04-25 22:04:912 INFO  TestBase:135 - url is not entered
2019-04-25 22:04:949 INFO  TestBase:40 - property file initalized
2019-04-25 22:04:596 INFO  TestBase:? - url is not entered
2019-04-25 22:04:25 INFO  TestBase:126 - Flights element is not seen with in 30 sec
2019-04-25 22:04:827 INFO  TestBase:40 - property file initalized
2019-04-25 22:04:670 INFO  TestBase:103 - url is not entered
2019-04-25 22:04:334 INFO  TestBase:40 - property file initalized
2019-04-25 22:04:815 INFO  TestBase:40 - property file initalized
2019-04-25 22:04:349 INFO  TestBase:103 - url is not entered
2019-04-25 22:04:385 INFO  TestBase:135 - url is not entered
2019-04-25 22:04:498 INFO  TestBase:40 - property file initalized
2019-04-25 22:04:276 INFO  TestBase:40 - property file initalized
2019-04-25 22:04:586 INFO  TestBase:103 - url is not entered
2019-04-25 22:04:618 INFO  TestBase:135 - url is not entered
2019-04-25 22:04:667 INFO  TestBase:40 - property file initalized
2019-04-25 22:04:866 INFO  TestBase:128 - Flights element is not seen with in 30 sec
2019-04-25 22:04:348 INFO  TestBase:40 - property file initalized
2019-04-25 22:04:937 INFO  TestBase:103 - url is not entered
2019-04-25 22:04:965 INFO  TestBase:135 - url is not entered
2019-04-25 22:04:999 INFO  TestBase:40 - property file initalized
2019-04-25 22:04:111 INFO  TestBase:128 - Flights element is not seen with in 30 sec
